{"/home/henriquesyd/Desktop/Estudo/Ceub/Engenharia de Software/Sistematização/ChromeExtension---API-Request-Client/popup.js": {"path":"/home/henriquesyd/Desktop/Estudo/Ceub/Engenharia de Software/Sistematização/ChromeExtension---API-Request-Client/popup.js","statementMap":{"0":{"start":{"line":1,"column":0},"end":{"line":96,"column":2}},"1":{"start":{"line":2,"column":4},"end":{"line":95,"column":9}},"2":{"start":{"line":3,"column":23},"end":{"line":3,"column":62}},"3":{"start":{"line":4,"column":20},"end":{"line":4,"column":56}},"4":{"start":{"line":5,"column":19},"end":{"line":5,"column":56}},"5":{"start":{"line":7,"column":24},"end":{"line":7,"column":58}},"6":{"start":{"line":8,"column":25},"end":{"line":8,"column":60}},"7":{"start":{"line":10,"column":23},"end":{"line":10,"column":57}},"8":{"start":{"line":11,"column":30},"end":{"line":11,"column":65}},"9":{"start":{"line":12,"column":23},"end":{"line":12,"column":57}},"10":{"start":{"line":14,"column":32},"end":{"line":14,"column":76}},"11":{"start":{"line":15,"column":34},"end":{"line":15,"column":79}},"12":{"start":{"line":16,"column":32},"end":{"line":16,"column":76}},"13":{"start":{"line":18,"column":8},"end":{"line":18,"column":44}},"14":{"start":{"line":19,"column":8},"end":{"line":19,"column":39}},"15":{"start":{"line":20,"column":8},"end":{"line":20,"column":40}},"16":{"start":{"line":23,"column":8},"end":{"line":94,"column":9}},"17":{"start":{"line":24,"column":24},"end":{"line":29,"column":11}},"18":{"start":{"line":31,"column":10},"end":{"line":33,"column":11}},"19":{"start":{"line":32,"column":12},"end":{"line":32,"column":60}},"20":{"start":{"line":35,"column":10},"end":{"line":40,"column":11}},"21":{"start":{"line":36,"column":12},"end":{"line":36,"column":58}},"22":{"start":{"line":37,"column":12},"end":{"line":37,"column":44}},"23":{"start":{"line":38,"column":12},"end":{"line":38,"column":43}},"24":{"start":{"line":39,"column":12},"end":{"line":39,"column":19}},"25":{"start":{"line":42,"column":27},"end":{"line":42,"column":52}},"26":{"start":{"line":43,"column":30},"end":{"line":43,"column":66}},"27":{"start":{"line":47,"column":10},"end":{"line":47,"column":51}},"28":{"start":{"line":48,"column":10},"end":{"line":53,"column":11}},"29":{"start":{"line":49,"column":12},"end":{"line":49,"column":43}},"30":{"start":{"line":50,"column":12},"end":{"line":50,"column":72}},"31":{"start":{"line":52,"column":12},"end":{"line":52,"column":62}},"32":{"start":{"line":55,"column":26},"end":{"line":55,"column":42}},"33":{"start":{"line":57,"column":10},"end":{"line":57,"column":33}},"34":{"start":{"line":58,"column":10},"end":{"line":58,"column":41}},"35":{"start":{"line":61,"column":9},"end":{"line":61,"column":22}},"36":{"start":{"line":63,"column":28},"end":{"line":63,"column":30}},"37":{"start":{"line":64,"column":10},"end":{"line":66,"column":13}},"38":{"start":{"line":65,"column":12},"end":{"line":65,"column":49}},"39":{"start":{"line":68,"column":10},"end":{"line":68,"column":49}},"40":{"start":{"line":69,"column":10},"end":{"line":69,"column":42}},"41":{"start":{"line":71,"column":26},"end":{"line":71,"column":41}},"42":{"start":{"line":73,"column":31},"end":{"line":73,"column":78}},"43":{"start":{"line":73,"column":64},"end":{"line":73,"column":77}},"44":{"start":{"line":74,"column":30},"end":{"line":74,"column":53}},"45":{"start":{"line":76,"column":10},"end":{"line":79,"column":11}},"46":{"start":{"line":77,"column":12},"end":{"line":77,"column":51}},"47":{"start":{"line":78,"column":12},"end":{"line":78,"column":44}},"48":{"start":{"line":83,"column":12},"end":{"line":83,"column":51}},"49":{"start":{"line":84,"column":12},"end":{"line":84,"column":51}},"50":{"start":{"line":87,"column":12},"end":{"line":87,"column":95}},"51":{"start":{"line":88,"column":12},"end":{"line":88,"column":44}},"52":{"start":{"line":90,"column":12},"end":{"line":90,"column":43}},"53":{"start":{"line":92,"column":12},"end":{"line":92,"column":53}},"54":{"start":{"line":93,"column":12},"end":{"line":93,"column":49}}},"fnMap":{"0":{"name":"(anonymous_0)","decl":{"start":{"line":1,"column":46},"end":{"line":1,"column":47}},"loc":{"start":{"line":1,"column":52},"end":{"line":96,"column":1}},"line":1},"1":{"name":"(anonymous_1)","decl":{"start":{"line":2,"column":69},"end":{"line":2,"column":70}},"loc":{"start":{"line":2,"column":81},"end":{"line":95,"column":7}},"line":2},"2":{"name":"(anonymous_2)","decl":{"start":{"line":64,"column":26},"end":{"line":64,"column":27}},"loc":{"start":{"line":64,"column":43},"end":{"line":66,"column":11}},"line":64},"3":{"name":"(anonymous_3)","decl":{"start":{"line":73,"column":54},"end":{"line":73,"column":55}},"loc":{"start":{"line":73,"column":64},"end":{"line":73,"column":77}},"line":73}},"branchMap":{"0":{"loc":{"start":{"line":31,"column":10},"end":{"line":33,"column":11}},"type":"if","locations":[{"start":{"line":31,"column":10},"end":{"line":33,"column":11}},{"start":{},"end":{}}],"line":31},"1":{"loc":{"start":{"line":31,"column":14},"end":{"line":31,"column":38}},"type":"binary-expr","locations":[{"start":{"line":31,"column":14},"end":{"line":31,"column":18}},{"start":{"line":31,"column":22},"end":{"line":31,"column":38}}],"line":31},"2":{"loc":{"start":{"line":35,"column":10},"end":{"line":40,"column":11}},"type":"if","locations":[{"start":{"line":35,"column":10},"end":{"line":40,"column":11}},{"start":{},"end":{}}],"line":35},"3":{"loc":{"start":{"line":48,"column":10},"end":{"line":53,"column":11}},"type":"if","locations":[{"start":{"line":48,"column":10},"end":{"line":53,"column":11}},{"start":{"line":51,"column":17},"end":{"line":53,"column":11}}],"line":48},"4":{"loc":{"start":{"line":48,"column":14},"end":{"line":48,"column":69}},"type":"binary-expr","locations":[{"start":{"line":48,"column":14},"end":{"line":48,"column":25}},{"start":{"line":48,"column":29},"end":{"line":48,"column":69}}],"line":48},"5":{"loc":{"start":{"line":76,"column":10},"end":{"line":79,"column":11}},"type":"if","locations":[{"start":{"line":76,"column":10},"end":{"line":79,"column":11}},{"start":{},"end":{}}],"line":76}},"s":{"0":1,"1":0,"2":0,"3":0,"4":0,"5":0,"6":0,"7":0,"8":0,"9":0,"10":0,"11":0,"12":0,"13":0,"14":0,"15":0,"16":0,"17":0,"18":0,"19":0,"20":0,"21":0,"22":0,"23":0,"24":0,"25":0,"26":0,"27":0,"28":0,"29":0,"30":0,"31":0,"32":0,"33":0,"34":0,"35":0,"36":0,"37":0,"38":0,"39":0,"40":0,"41":0,"42":0,"43":0,"44":0,"45":0,"46":0,"47":0,"48":0,"49":0,"50":0,"51":0,"52":0,"53":0,"54":0},"f":{"0":0,"1":0,"2":0,"3":0},"b":{"0":[0,0],"1":[0,0],"2":[0,0],"3":[0,0],"4":[0,0],"5":[0,0]},"_coverageSchema":"1a1c01bbd47fc00a2c39e90264f33305004495a9","hash":"3b1bf8f9deac84b705077e44c67583e05a7100d5"}
}
